<?xml version="1.0" encoding="UTF-8"?>
<testsuite name="DoctorRecommendation.DoctorTest" tests="3" skipped="0" failures="0" errors="0" timestamp="2016-11-12T19:33:27" hostname="DingYushengs-MacBook-Pro.local" time="0.003">
  <properties/>
  <testcase name="DoctorEqualTest" classname="DoctorRecommendation.DoctorTest" time="0.002"/>
  <testcase name="DoctorHashTest" classname="DoctorRecommendation.DoctorTest" time="0.0"/>
  <testcase name="DoctorOneFalseTest" classname="DoctorRecommendation.DoctorTest" time="0.0"/>
  <system-out><![CDATA[]]></system-out>
  <system-err><![CDATA[]]></system-err>
</testsuite>
